This file contains any messages produced by compilers while
running configure, to aid debugging if configure makes a mistake.

It was created by MilkyTracker configure 0.90.85, which was
generated by GNU Autoconf 2.64.  Invocation command line was

  $ ./configure 

## --------- ##
## Platform. ##
## --------- ##

hostname = slax
uname -m = x86_64
uname -r = 4.9.0-11-amd64
uname -s = Linux
uname -v = #1 SMP Debian 4.9.189-3 (2019-09-02)

/usr/bin/uname -p = unknown
/bin/uname -X     = unknown

/bin/arch              = unknown
/usr/bin/arch -k       = unknown
/usr/convex/getsysinfo = unknown
/usr/bin/hostinfo      = unknown
/bin/machine           = unknown
/usr/bin/oslevel       = unknown
/bin/universe          = unknown

PATH: /usr/local/sbin
PATH: /usr/local/bin
PATH: /usr/sbin
PATH: /usr/bin
PATH: /sbin
PATH: /bin
PATH: /usr/local/games
PATH: /usr/games


## ----------- ##
## Core tests. ##
## ----------- ##

configure:2480: checking for a BSD-compatible install
configure:2548: result: /usr/bin/install -c
configure:2559: checking whether build environment is sane
configure:2609: result: yes
configure:2637: WARNING: `missing' script is too old or missing
configure:2750: checking for a thread-safe mkdir -p
configure:2789: result: /bin/mkdir -p
configure:2802: checking for gawk
configure:2832: result: no
configure:2802: checking for mawk
configure:2818: found /usr/bin/mawk
configure:2829: result: mawk
configure:2840: checking whether make sets $(MAKE)
configure:2862: result: yes
configure:3002: checking for g++
configure:3018: found /usr/bin/g++
configure:3029: result: g++
configure:3056: checking for C++ compiler version
configure:3065: g++ --version >&5
g++ (Debian 6.3.0-18+deb9u1) 6.3.0 20170516
Copyright (C) 2016 Free Software Foundation, Inc.
This is free software; see the source for copying conditions.  There is NO
warranty; not even for MERCHANTABILITY or FITNESS FOR A PARTICULAR PURPOSE.

configure:3076: $? = 0
configure:3065: g++ -v >&5
Using built-in specs.
COLLECT_GCC=g++
COLLECT_LTO_WRAPPER=/usr/lib/gcc/x86_64-linux-gnu/6/lto-wrapper
Target: x86_64-linux-gnu
Configured with: ../src/configure -v --with-pkgversion='Debian 6.3.0-18+deb9u1' --with-bugurl=file:///usr/share/doc/gcc-6/README.Bugs --enable-languages=c,ada,c++,java,go,d,fortran,objc,obj-c++ --prefix=/usr --program-suffix=-6 --program-prefix=x86_64-linux-gnu- --enable-shared --enable-linker-build-id --libexecdir=/usr/lib --without-included-gettext --enable-threads=posix --libdir=/usr/lib --enable-nls --with-sysroot=/ --enable-clocale=gnu --enable-libstdcxx-debug --enable-libstdcxx-time=yes --with-default-libstdcxx-abi=new --enable-gnu-unique-object --disable-vtable-verify --enable-libmpx --enable-plugin --enable-default-pie --with-system-zlib --disable-browser-plugin --enable-java-awt=gtk --enable-gtk-cairo --with-java-home=/usr/lib/jvm/java-1.5.0-gcj-6-amd64/jre --enable-java-home --with-jvm-root-dir=/usr/lib/jvm/java-1.5.0-gcj-6-amd64 --with-jvm-jar-dir=/usr/lib/jvm-exports/java-1.5.0-gcj-6-amd64 --with-arch-directory=amd64 --with-ecj-jar=/usr/share/java/eclipse-ecj.jar --with-target-system-zlib --enable-objc-gc=auto --enable-multiarch --with-arch-32=i686 --with-abi=m64 --with-multilib-list=m32,m64,mx32 --enable-multilib --with-tune=generic --enable-checking=release --build=x86_64-linux-gnu --host=x86_64-linux-gnu --target=x86_64-linux-gnu
Thread model: posix
gcc version 6.3.0 20170516 (Debian 6.3.0-18+deb9u1) 
configure:3076: $? = 0
configure:3065: g++ -V >&5
g++: error: unrecognized command line option '-V'
g++: fatal error: no input files
compilation terminated.
configure:3076: $? = 1
configure:3065: g++ -qversion >&5
g++: error: unrecognized command line option '-qversion'; did you mean '--version'?
g++: fatal error: no input files
compilation terminated.
configure:3076: $? = 1
configure:3098: checking for C++ compiler default output file name
configure:3120: g++    conftest.cpp  >&5
configure:3124: $? = 0
configure:3161: result: a.out
configure:3177: checking whether the C++ compiler works
configure:3186: ./a.out
configure:3190: $? = 0
configure:3205: result: yes
configure:3212: checking whether we are cross compiling
configure:3214: result: no
configure:3217: checking for suffix of executables
configure:3224: g++ -o conftest    conftest.cpp  >&5
configure:3228: $? = 0
configure:3250: result: 
configure:3256: checking for suffix of object files
configure:3278: g++ -c   conftest.cpp >&5
configure:3282: $? = 0
configure:3303: result: o
configure:3307: checking whether we are using the GNU C++ compiler
configure:3326: g++ -c   conftest.cpp >&5
configure:3326: $? = 0
configure:3335: result: yes
configure:3344: checking whether g++ accepts -g
configure:3364: g++ -c -g  conftest.cpp >&5
configure:3364: $? = 0
configure:3405: result: yes
configure:3439: checking for style of include used by make
configure:3467: result: GNU
configure:3492: checking dependency style of g++
configure:3602: result: gcc3
configure:3665: checking for gcc
configure:3681: found /usr/bin/gcc
configure:3692: result: gcc
configure:3921: checking for C compiler version
configure:3930: gcc --version >&5
gcc (Debian 6.3.0-18+deb9u1) 6.3.0 20170516
Copyright (C) 2016 Free Software Foundation, Inc.
This is free software; see the source for copying conditions.  There is NO
warranty; not even for MERCHANTABILITY or FITNESS FOR A PARTICULAR PURPOSE.

configure:3941: $? = 0
configure:3930: gcc -v >&5
Using built-in specs.
COLLECT_GCC=gcc
COLLECT_LTO_WRAPPER=/usr/lib/gcc/x86_64-linux-gnu/6/lto-wrapper
Target: x86_64-linux-gnu
Configured with: ../src/configure -v --with-pkgversion='Debian 6.3.0-18+deb9u1' --with-bugurl=file:///usr/share/doc/gcc-6/README.Bugs --enable-languages=c,ada,c++,java,go,d,fortran,objc,obj-c++ --prefix=/usr --program-suffix=-6 --program-prefix=x86_64-linux-gnu- --enable-shared --enable-linker-build-id --libexecdir=/usr/lib --without-included-gettext --enable-threads=posix --libdir=/usr/lib --enable-nls --with-sysroot=/ --enable-clocale=gnu --enable-libstdcxx-debug --enable-libstdcxx-time=yes --with-default-libstdcxx-abi=new --enable-gnu-unique-object --disable-vtable-verify --enable-libmpx --enable-plugin --enable-default-pie --with-system-zlib --disable-browser-plugin --enable-java-awt=gtk --enable-gtk-cairo --with-java-home=/usr/lib/jvm/java-1.5.0-gcj-6-amd64/jre --enable-java-home --with-jvm-root-dir=/usr/lib/jvm/java-1.5.0-gcj-6-amd64 --with-jvm-jar-dir=/usr/lib/jvm-exports/java-1.5.0-gcj-6-amd64 --with-arch-directory=amd64 --with-ecj-jar=/usr/share/java/eclipse-ecj.jar --with-target-system-zlib --enable-objc-gc=auto --enable-multiarch --with-arch-32=i686 --with-abi=m64 --with-multilib-list=m32,m64,mx32 --enable-multilib --with-tune=generic --enable-checking=release --build=x86_64-linux-gnu --host=x86_64-linux-gnu --target=x86_64-linux-gnu
Thread model: posix
gcc version 6.3.0 20170516 (Debian 6.3.0-18+deb9u1) 
configure:3941: $? = 0
configure:3930: gcc -V >&5
gcc: error: unrecognized command line option '-V'
gcc: fatal error: no input files
compilation terminated.
configure:3941: $? = 1
configure:3930: gcc -qversion >&5
gcc: error: unrecognized command line option '-qversion'; did you mean '--version'?
gcc: fatal error: no input files
compilation terminated.
configure:3941: $? = 1
configure:3945: checking whether we are using the GNU C compiler
configure:3964: gcc -c   conftest.c >&5
configure:3964: $? = 0
configure:3973: result: yes
configure:3982: checking whether gcc accepts -g
configure:4002: gcc -c -g  conftest.c >&5
configure:4002: $? = 0
configure:4043: result: yes
configure:4060: checking for gcc option to accept ISO C89
configure:4124: gcc  -c -g -O2  conftest.c >&5
configure:4124: $? = 0
configure:4137: result: none needed
configure:4159: checking dependency style of gcc
configure:4269: result: gcc3
configure:4289: checking how to run the C preprocessor
configure:4320: gcc -E  conftest.c
configure:4320: $? = 0
configure:4334: gcc -E  conftest.c
conftest.c:11:28: fatal error: ac_nonexistent.h: No such file or directory
 #include <ac_nonexistent.h>
                            ^
compilation terminated.
configure:4334: $? = 1
configure: failed program was:
| /* confdefs.h */
| #define PACKAGE_NAME "MilkyTracker"
| #define PACKAGE_TARNAME "milkytracker"
| #define PACKAGE_VERSION "0.90.85"
| #define PACKAGE_STRING "MilkyTracker 0.90.85"
| #define PACKAGE_BUGREPORT "www.milkytracker.net"
| #define PACKAGE_URL ""
| #define PACKAGE "milkytracker"
| #define VERSION "0.90.85"
| /* end confdefs.h.  */
| #include <ac_nonexistent.h>
configure:4359: result: gcc -E
configure:4379: gcc -E  conftest.c
configure:4379: $? = 0
configure:4393: gcc -E  conftest.c
conftest.c:11:28: fatal error: ac_nonexistent.h: No such file or directory
 #include <ac_nonexistent.h>
                            ^
compilation terminated.
configure:4393: $? = 1
configure: failed program was:
| /* confdefs.h */
| #define PACKAGE_NAME "MilkyTracker"
| #define PACKAGE_TARNAME "milkytracker"
| #define PACKAGE_VERSION "0.90.85"
| #define PACKAGE_STRING "MilkyTracker 0.90.85"
| #define PACKAGE_BUGREPORT "www.milkytracker.net"
| #define PACKAGE_URL ""
| #define PACKAGE "milkytracker"
| #define VERSION "0.90.85"
| /* end confdefs.h.  */
| #include <ac_nonexistent.h>
configure:4425: checking for gawk
configure:4452: result: mawk
configure:4507: checking for ranlib
configure:4523: found /usr/bin/ranlib
configure:4534: result: ranlib
configure:4563: checking for dirent.h that defines DIR
configure:4582: gcc -c -g -O2  conftest.c >&5
configure:4582: $? = 0
configure:4590: result: yes
configure:4604: checking for library containing opendir
configure:4635: gcc -o conftest -g -O2   conftest.c  >&5
configure:4635: $? = 0
configure:4652: result: none required
configure:4720: checking for grep that handles long lines and -e
configure:4778: result: /bin/grep
configure:4783: checking for egrep
configure:4845: result: /bin/grep -E
configure:4850: checking for ANSI C header files
configure:4870: gcc -c -g -O2  conftest.c >&5
configure:4870: $? = 0
configure:4943: gcc -o conftest -g -O2   conftest.c  >&5
configure:4943: $? = 0
configure:4943: ./conftest
configure:4943: $? = 0
configure:4954: result: yes
configure:4967: checking for sys/types.h
configure:4967: gcc -c -g -O2  conftest.c >&5
configure:4967: $? = 0
configure:4967: result: yes
configure:4967: checking for sys/stat.h
configure:4967: gcc -c -g -O2  conftest.c >&5
configure:4967: $? = 0
configure:4967: result: yes
configure:4967: checking for stdlib.h
configure:4967: gcc -c -g -O2  conftest.c >&5
configure:4967: $? = 0
configure:4967: result: yes
configure:4967: checking for string.h
configure:4967: gcc -c -g -O2  conftest.c >&5
configure:4967: $? = 0
configure:4967: result: yes
configure:4967: checking for memory.h
configure:4967: gcc -c -g -O2  conftest.c >&5
configure:4967: $? = 0
configure:4967: result: yes
configure:4967: checking for strings.h
configure:4967: gcc -c -g -O2  conftest.c >&5
configure:4967: $? = 0
configure:4967: result: yes
configure:4967: checking for inttypes.h
configure:4967: gcc -c -g -O2  conftest.c >&5
configure:4967: $? = 0
configure:4967: result: yes
configure:4967: checking for stdint.h
configure:4967: gcc -c -g -O2  conftest.c >&5
configure:4967: $? = 0
configure:4967: result: yes
configure:4967: checking for unistd.h
configure:4967: gcc -c -g -O2  conftest.c >&5
configure:4967: $? = 0
configure:4967: result: yes
configure:4986: checking for fcntl.h
configure:4986: gcc -c -g -O2  conftest.c >&5
configure:4986: $? = 0
configure:4986: result: yes
configure:4986: checking for inttypes.h
configure:4986: result: yes
configure:4986: checking for limits.h
configure:4986: gcc -c -g -O2  conftest.c >&5
configure:4986: $? = 0
configure:4986: result: yes
configure:4986: checking for malloc.h
configure:4986: gcc -c -g -O2  conftest.c >&5
configure:4986: $? = 0
configure:4986: result: yes
configure:4986: checking for memory.h
configure:4986: result: yes
configure:4986: checking for stddef.h
configure:4986: gcc -c -g -O2  conftest.c >&5
configure:4986: $? = 0
configure:4986: result: yes
configure:4986: checking for stdint.h
configure:4986: result: yes
configure:4986: checking for stdlib.h
configure:4986: result: yes
configure:4986: checking for string.h
configure:4986: result: yes
configure:4986: checking for strings.h
configure:4986: result: yes
configure:4986: checking for sys/ioctl.h
configure:4986: gcc -c -g -O2  conftest.c >&5
configure:4986: $? = 0
configure:4986: result: yes
configure:4986: checking for sys/param.h
configure:4986: gcc -c -g -O2  conftest.c >&5
configure:4986: $? = 0
configure:4986: result: yes
configure:4986: checking for sys/time.h
configure:4986: gcc -c -g -O2  conftest.c >&5
configure:4986: $? = 0
configure:4986: result: yes
configure:4986: checking for unistd.h
configure:4986: result: yes
configure:5071: checking for ALSA CFLAGS
configure:5077: result: 
configure:5080: checking for ALSA LDFLAGS
configure:5089: result:  -lasound -lm -ldl -lpthread
configure:5093: checking for libasound headers version >= 1.0.0
configure:5155: gcc -c -g -O2  conftest.c >&5
configure:5155: $? = 0
configure:5156: result: found.
configure:5174: checking for snd_ctl_open in -lasound
configure:5199: gcc -o conftest -g -O2   conftest.c -lasound   -lasound -lm -ldl -lpthread  >&5
configure:5199: $? = 0
configure:5208: result: yes
configure:5257: checking for library containing gzopen
configure:5288: gcc -o conftest -g -O2   conftest.c -lasound -lm -ldl -lpthread >&5
/tmp/ccMQBnEy.o: In function `main':
/media/sda3/MilkyTracker-32+lr/conftest.c:48: undefined reference to `gzopen'
collect2: error: ld returned 1 exit status
configure:5288: $? = 1
configure: failed program was:
| /* confdefs.h */
| #define PACKAGE_NAME "MilkyTracker"
| #define PACKAGE_TARNAME "milkytracker"
| #define PACKAGE_VERSION "0.90.85"
| #define PACKAGE_STRING "MilkyTracker 0.90.85"
| #define PACKAGE_BUGREPORT "www.milkytracker.net"
| #define PACKAGE_URL ""
| #define PACKAGE "milkytracker"
| #define VERSION "0.90.85"
| #define HAVE_DIRENT_H 1
| #define STDC_HEADERS 1
| #define HAVE_SYS_TYPES_H 1
| #define HAVE_SYS_STAT_H 1
| #define HAVE_STDLIB_H 1
| #define HAVE_STRING_H 1
| #define HAVE_MEMORY_H 1
| #define HAVE_STRINGS_H 1
| #define HAVE_INTTYPES_H 1
| #define HAVE_STDINT_H 1
| #define HAVE_UNISTD_H 1
| #define HAVE_FCNTL_H 1
| #define HAVE_INTTYPES_H 1
| #define HAVE_LIMITS_H 1
| #define HAVE_MALLOC_H 1
| #define HAVE_MEMORY_H 1
| #define HAVE_STDDEF_H 1
| #define HAVE_STDINT_H 1
| #define HAVE_STDLIB_H 1
| #define HAVE_STRING_H 1
| #define HAVE_STRINGS_H 1
| #define HAVE_SYS_IOCTL_H 1
| #define HAVE_SYS_PARAM_H 1
| #define HAVE_SYS_TIME_H 1
| #define HAVE_UNISTD_H 1
| #define HAVE_LIBASOUND 1
| /* end confdefs.h.  */
| 
| /* Override any GCC internal prototype to avoid an error.
|    Use char because int might match the return type of a GCC
|    builtin and then its argument prototype would still apply.  */
| #ifdef __cplusplus
| extern "C"
| #endif
| char gzopen ();
| int
| main ()
| {
| return gzopen ();
|   ;
|   return 0;
| }
configure:5288: gcc -o conftest -g -O2   conftest.c -lz  -lasound -lm -ldl -lpthread >&5
configure:5288: $? = 0
configure:5305: result: -lz
configure:5365: checking for pkg-config
configure:5383: found /usr/bin/pkg-config
configure:5395: result: /usr/bin/pkg-config
configure:5420: checking pkg-config is at least version 0.9.0
configure:5423: result: yes
configure:5478: checking for sdl-config
configure:5496: found /usr/bin/sdl-config
configure:5509: result: /usr/bin/sdl-config
configure:5518: checking for SDL - version >= 1.2.0
configure:5605: gcc -o conftest -g -O2 -I/usr/include/SDL -D_GNU_SOURCE=1 -D_REENTRANT   conftest.c -lz -lasound -lm -ldl -lpthread -L/usr/lib/x86_64-linux-gnu -lSDL >&5
configure:5605: $? = 0
configure:5605: ./conftest
configure:5605: $? = 0
configure:5620: result: yes
configure:5692: checking whether SDL supports X11
configure:5701: gcc -c -g -O2 -I/usr/include/SDL -D_GNU_SOURCE=1 -D_REENTRANT conftest.c >&5
configure:5701: $? = 0
configure:5702: result: yes
configure:5727: checking jack/jack.h usability
configure:5727: gcc -c -g -O2  -D__FORCE_SDL_AUDIO__ conftest.c >&5
conftest.c:72:23: fatal error: jack/jack.h: No such file or directory
 #include <jack/jack.h>
                       ^
compilation terminated.
configure:5727: $? = 1
configure: failed program was:
| /* confdefs.h */
| #define PACKAGE_NAME "MilkyTracker"
| #define PACKAGE_TARNAME "milkytracker"
| #define PACKAGE_VERSION "0.90.85"
| #define PACKAGE_STRING "MilkyTracker 0.90.85"
| #define PACKAGE_BUGREPORT "www.milkytracker.net"
| #define PACKAGE_URL ""
| #define PACKAGE "milkytracker"
| #define VERSION "0.90.85"
| #define HAVE_DIRENT_H 1
| #define STDC_HEADERS 1
| #define HAVE_SYS_TYPES_H 1
| #define HAVE_SYS_STAT_H 1
| #define HAVE_STDLIB_H 1
| #define HAVE_STRING_H 1
| #define HAVE_MEMORY_H 1
| #define HAVE_STRINGS_H 1
| #define HAVE_INTTYPES_H 1
| #define HAVE_STDINT_H 1
| #define HAVE_UNISTD_H 1
| #define HAVE_FCNTL_H 1
| #define HAVE_INTTYPES_H 1
| #define HAVE_LIMITS_H 1
| #define HAVE_MALLOC_H 1
| #define HAVE_MEMORY_H 1
| #define HAVE_STDDEF_H 1
| #define HAVE_STDINT_H 1
| #define HAVE_STDLIB_H 1
| #define HAVE_STRING_H 1
| #define HAVE_STRINGS_H 1
| #define HAVE_SYS_IOCTL_H 1
| #define HAVE_SYS_PARAM_H 1
| #define HAVE_SYS_TIME_H 1
| #define HAVE_UNISTD_H 1
| #define HAVE_LIBASOUND 1
| #define HAVE_LIBZ 1
| #define HAVE_X11 1
| /* end confdefs.h.  */
| #include <stdio.h>
| #ifdef HAVE_SYS_TYPES_H
| # include <sys/types.h>
| #endif
| #ifdef HAVE_SYS_STAT_H
| # include <sys/stat.h>
| #endif
| #ifdef STDC_HEADERS
| # include <stdlib.h>
| # include <stddef.h>
| #else
| # ifdef HAVE_STDLIB_H
| #  include <stdlib.h>
| # endif
| #endif
| #ifdef HAVE_STRING_H
| # if !defined STDC_HEADERS && defined HAVE_MEMORY_H
| #  include <memory.h>
| # endif
| # include <string.h>
| #endif
| #ifdef HAVE_STRINGS_H
| # include <strings.h>
| #endif
| #ifdef HAVE_INTTYPES_H
| # include <inttypes.h>
| #endif
| #ifdef HAVE_STDINT_H
| # include <stdint.h>
| #endif
| #ifdef HAVE_UNISTD_H
| # include <unistd.h>
| #endif
| #include <jack/jack.h>
configure:5727: result: no
configure:5727: checking jack/jack.h presence
configure:5727: gcc -E  -D__FORCE_SDL_AUDIO__ conftest.c
conftest.c:39:23: fatal error: jack/jack.h: No such file or directory
 #include <jack/jack.h>
                       ^
compilation terminated.
configure:5727: $? = 1
configure: failed program was:
| /* confdefs.h */
| #define PACKAGE_NAME "MilkyTracker"
| #define PACKAGE_TARNAME "milkytracker"
| #define PACKAGE_VERSION "0.90.85"
| #define PACKAGE_STRING "MilkyTracker 0.90.85"
| #define PACKAGE_BUGREPORT "www.milkytracker.net"
| #define PACKAGE_URL ""
| #define PACKAGE "milkytracker"
| #define VERSION "0.90.85"
| #define HAVE_DIRENT_H 1
| #define STDC_HEADERS 1
| #define HAVE_SYS_TYPES_H 1
| #define HAVE_SYS_STAT_H 1
| #define HAVE_STDLIB_H 1
| #define HAVE_STRING_H 1
| #define HAVE_MEMORY_H 1
| #define HAVE_STRINGS_H 1
| #define HAVE_INTTYPES_H 1
| #define HAVE_STDINT_H 1
| #define HAVE_UNISTD_H 1
| #define HAVE_FCNTL_H 1
| #define HAVE_INTTYPES_H 1
| #define HAVE_LIMITS_H 1
| #define HAVE_MALLOC_H 1
| #define HAVE_MEMORY_H 1
| #define HAVE_STDDEF_H 1
| #define HAVE_STDINT_H 1
| #define HAVE_STDLIB_H 1
| #define HAVE_STRING_H 1
| #define HAVE_STRINGS_H 1
| #define HAVE_SYS_IOCTL_H 1
| #define HAVE_SYS_PARAM_H 1
| #define HAVE_SYS_TIME_H 1
| #define HAVE_UNISTD_H 1
| #define HAVE_LIBASOUND 1
| #define HAVE_LIBZ 1
| #define HAVE_X11 1
| /* end confdefs.h.  */
| #include <jack/jack.h>
configure:5727: result: no
configure:5727: checking for jack/jack.h
configure:5727: result: no
configure:5797: WARNING: JACK headers not found, JACK support disabled
configure:5807: checking whether stat file-mode macros are broken
configure:5834: gcc -c -g -O2  -D__FORCE_SDL_AUDIO__ conftest.c >&5
configure:5834: $? = 0
configure:5841: result: no
configure:5849: checking for stdbool.h that conforms to C99
configure:5934: gcc -c -g -O2  -D__FORCE_SDL_AUDIO__ conftest.c >&5
configure:5934: $? = 0
configure:5941: result: yes
configure:5943: checking for _Bool
configure:5943: gcc -c -g -O2  -D__FORCE_SDL_AUDIO__ conftest.c >&5
configure:5943: $? = 0
configure:5943: gcc -c -g -O2  -D__FORCE_SDL_AUDIO__ conftest.c >&5
conftest.c: In function 'main':
conftest.c:75:20: error: expected expression before ')' token
 if (sizeof ((_Bool)))
                    ^
configure:5943: $? = 1
configure: failed program was:
| /* confdefs.h */
| #define PACKAGE_NAME "MilkyTracker"
| #define PACKAGE_TARNAME "milkytracker"
| #define PACKAGE_VERSION "0.90.85"
| #define PACKAGE_STRING "MilkyTracker 0.90.85"
| #define PACKAGE_BUGREPORT "www.milkytracker.net"
| #define PACKAGE_URL ""
| #define PACKAGE "milkytracker"
| #define VERSION "0.90.85"
| #define HAVE_DIRENT_H 1
| #define STDC_HEADERS 1
| #define HAVE_SYS_TYPES_H 1
| #define HAVE_SYS_STAT_H 1
| #define HAVE_STDLIB_H 1
| #define HAVE_STRING_H 1
| #define HAVE_MEMORY_H 1
| #define HAVE_STRINGS_H 1
| #define HAVE_INTTYPES_H 1
| #define HAVE_STDINT_H 1
| #define HAVE_UNISTD_H 1
| #define HAVE_FCNTL_H 1
| #define HAVE_INTTYPES_H 1
| #define HAVE_LIMITS_H 1
| #define HAVE_MALLOC_H 1
| #define HAVE_MEMORY_H 1
| #define HAVE_STDDEF_H 1
| #define HAVE_STDINT_H 1
| #define HAVE_STDLIB_H 1
| #define HAVE_STRING_H 1
| #define HAVE_STRINGS_H 1
| #define HAVE_SYS_IOCTL_H 1
| #define HAVE_SYS_PARAM_H 1
| #define HAVE_SYS_TIME_H 1
| #define HAVE_UNISTD_H 1
| #define HAVE_LIBASOUND 1
| #define HAVE_LIBZ 1
| #define HAVE_X11 1
| /* end confdefs.h.  */
| #include <stdio.h>
| #ifdef HAVE_SYS_TYPES_H
| # include <sys/types.h>
| #endif
| #ifdef HAVE_SYS_STAT_H
| # include <sys/stat.h>
| #endif
| #ifdef STDC_HEADERS
| # include <stdlib.h>
| # include <stddef.h>
| #else
| # ifdef HAVE_STDLIB_H
| #  include <stdlib.h>
| # endif
| #endif
| #ifdef HAVE_STRING_H
| # if !defined STDC_HEADERS && defined HAVE_MEMORY_H
| #  include <memory.h>
| # endif
| # include <string.h>
| #endif
| #ifdef HAVE_STRINGS_H
| # include <strings.h>
| #endif
| #ifdef HAVE_INTTYPES_H
| # include <inttypes.h>
| #endif
| #ifdef HAVE_STDINT_H
| # include <stdint.h>
| #endif
| #ifdef HAVE_UNISTD_H
| # include <unistd.h>
| #endif
| int
| main ()
| {
| if (sizeof ((_Bool)))
| 	    return 0;
|   ;
|   return 0;
| }
configure:5943: result: yes
configure:5959: checking for an ANSI C-conforming const
configure:6024: gcc -c -g -O2  -D__FORCE_SDL_AUDIO__ conftest.c >&5
configure:6024: $? = 0
configure:6031: result: yes
configure:6039: checking for inline
configure:6055: gcc -c -g -O2  -D__FORCE_SDL_AUDIO__ conftest.c >&5
configure:6055: $? = 0
configure:6063: result: inline
configure:6081: checking for int16_t
configure:6081: gcc -c -g -O2  -D__FORCE_SDL_AUDIO__ conftest.c >&5
configure:6081: $? = 0
configure:6081: gcc -c -g -O2  -D__FORCE_SDL_AUDIO__ conftest.c >&5
conftest.c: In function 'main':
conftest.c:77:12: error: size of array 'test_array' is negative
 static int test_array [1 - 2 * !((int16_t) ((((int16_t) 1 << (16 - 2)) - 1) * 2 + 1)
            ^~~~~~~~~~
configure:6081: $? = 1
configure: failed program was:
| /* confdefs.h */
| #define PACKAGE_NAME "MilkyTracker"
| #define PACKAGE_TARNAME "milkytracker"
| #define PACKAGE_VERSION "0.90.85"
| #define PACKAGE_STRING "MilkyTracker 0.90.85"
| #define PACKAGE_BUGREPORT "www.milkytracker.net"
| #define PACKAGE_URL ""
| #define PACKAGE "milkytracker"
| #define VERSION "0.90.85"
| #define HAVE_DIRENT_H 1
| #define STDC_HEADERS 1
| #define HAVE_SYS_TYPES_H 1
| #define HAVE_SYS_STAT_H 1
| #define HAVE_STDLIB_H 1
| #define HAVE_STRING_H 1
| #define HAVE_MEMORY_H 1
| #define HAVE_STRINGS_H 1
| #define HAVE_INTTYPES_H 1
| #define HAVE_STDINT_H 1
| #define HAVE_UNISTD_H 1
| #define HAVE_FCNTL_H 1
| #define HAVE_INTTYPES_H 1
| #define HAVE_LIMITS_H 1
| #define HAVE_MALLOC_H 1
| #define HAVE_MEMORY_H 1
| #define HAVE_STDDEF_H 1
| #define HAVE_STDINT_H 1
| #define HAVE_STDLIB_H 1
| #define HAVE_STRING_H 1
| #define HAVE_STRINGS_H 1
| #define HAVE_SYS_IOCTL_H 1
| #define HAVE_SYS_PARAM_H 1
| #define HAVE_SYS_TIME_H 1
| #define HAVE_UNISTD_H 1
| #define HAVE_LIBASOUND 1
| #define HAVE_LIBZ 1
| #define HAVE_X11 1
| #define HAVE__BOOL 1
| #define HAVE_STDBOOL_H 1
| /* end confdefs.h.  */
| #include <stdio.h>
| #ifdef HAVE_SYS_TYPES_H
| # include <sys/types.h>
| #endif
| #ifdef HAVE_SYS_STAT_H
| # include <sys/stat.h>
| #endif
| #ifdef STDC_HEADERS
| # include <stdlib.h>
| # include <stddef.h>
| #else
| # ifdef HAVE_STDLIB_H
| #  include <stdlib.h>
| # endif
| #endif
| #ifdef HAVE_STRING_H
| # if !defined STDC_HEADERS && defined HAVE_MEMORY_H
| #  include <memory.h>
| # endif
| # include <string.h>
| #endif
| #ifdef HAVE_STRINGS_H
| # include <strings.h>
| #endif
| #ifdef HAVE_INTTYPES_H
| # include <inttypes.h>
| #endif
| #ifdef HAVE_STDINT_H
| # include <stdint.h>
| #endif
| #ifdef HAVE_UNISTD_H
| # include <unistd.h>
| #endif
| int
| main ()
| {
| static int test_array [1 - 2 * !((int16_t) ((((int16_t) 1 << (16 - 2)) - 1) * 2 + 1)
| 		 < (int16_t) ((((int16_t) 1 << (16 - 2)) - 1) * 2 + 2))];
| test_array [0] = 0
| 
|   ;
|   return 0;
| }
configure:6081: result: yes
configure:6092: checking for int32_t
configure:6092: gcc -c -g -O2  -D__FORCE_SDL_AUDIO__ conftest.c >&5
configure:6092: $? = 0
configure:6092: gcc -c -g -O2  -D__FORCE_SDL_AUDIO__ conftest.c >&5
conftest.c: In function 'main':
conftest.c:78:53: warning: integer overflow in expression [-Woverflow]
    < (int32_t) ((((int32_t) 1 << (32 - 2)) - 1) * 2 + 2))];
                                                     ^
conftest.c:77:12: error: storage size of 'test_array' isn't constant
 static int test_array [1 - 2 * !((int32_t) ((((int32_t) 1 << (32 - 2)) - 1) * 2 + 1)
            ^~~~~~~~~~
configure:6092: $? = 1
configure: failed program was:
| /* confdefs.h */
| #define PACKAGE_NAME "MilkyTracker"
| #define PACKAGE_TARNAME "milkytracker"
| #define PACKAGE_VERSION "0.90.85"
| #define PACKAGE_STRING "MilkyTracker 0.90.85"
| #define PACKAGE_BUGREPORT "www.milkytracker.net"
| #define PACKAGE_URL ""
| #define PACKAGE "milkytracker"
| #define VERSION "0.90.85"
| #define HAVE_DIRENT_H 1
| #define STDC_HEADERS 1
| #define HAVE_SYS_TYPES_H 1
| #define HAVE_SYS_STAT_H 1
| #define HAVE_STDLIB_H 1
| #define HAVE_STRING_H 1
| #define HAVE_MEMORY_H 1
| #define HAVE_STRINGS_H 1
| #define HAVE_INTTYPES_H 1
| #define HAVE_STDINT_H 1
| #define HAVE_UNISTD_H 1
| #define HAVE_FCNTL_H 1
| #define HAVE_INTTYPES_H 1
| #define HAVE_LIMITS_H 1
| #define HAVE_MALLOC_H 1
| #define HAVE_MEMORY_H 1
| #define HAVE_STDDEF_H 1
| #define HAVE_STDINT_H 1
| #define HAVE_STDLIB_H 1
| #define HAVE_STRING_H 1
| #define HAVE_STRINGS_H 1
| #define HAVE_SYS_IOCTL_H 1
| #define HAVE_SYS_PARAM_H 1
| #define HAVE_SYS_TIME_H 1
| #define HAVE_UNISTD_H 1
| #define HAVE_LIBASOUND 1
| #define HAVE_LIBZ 1
| #define HAVE_X11 1
| #define HAVE__BOOL 1
| #define HAVE_STDBOOL_H 1
| /* end confdefs.h.  */
| #include <stdio.h>
| #ifdef HAVE_SYS_TYPES_H
| # include <sys/types.h>
| #endif
| #ifdef HAVE_SYS_STAT_H
| # include <sys/stat.h>
| #endif
| #ifdef STDC_HEADERS
| # include <stdlib.h>
| # include <stddef.h>
| #else
| # ifdef HAVE_STDLIB_H
| #  include <stdlib.h>
| # endif
| #endif
| #ifdef HAVE_STRING_H
| # if !defined STDC_HEADERS && defined HAVE_MEMORY_H
| #  include <memory.h>
| # endif
| # include <string.h>
| #endif
| #ifdef HAVE_STRINGS_H
| # include <strings.h>
| #endif
| #ifdef HAVE_INTTYPES_H
| # include <inttypes.h>
| #endif
| #ifdef HAVE_STDINT_H
| # include <stdint.h>
| #endif
| #ifdef HAVE_UNISTD_H
| # include <unistd.h>
| #endif
| int
| main ()
| {
| static int test_array [1 - 2 * !((int32_t) ((((int32_t) 1 << (32 - 2)) - 1) * 2 + 1)
| 		 < (int32_t) ((((int32_t) 1 << (32 - 2)) - 1) * 2 + 2))];
| test_array [0] = 0
| 
|   ;
|   return 0;
| }
configure:6092: result: yes
configure:6103: checking for int64_t
configure:6103: gcc -c -g -O2  -D__FORCE_SDL_AUDIO__ conftest.c >&5
configure:6103: $? = 0
configure:6103: gcc -c -g -O2  -D__FORCE_SDL_AUDIO__ conftest.c >&5
conftest.c: In function 'main':
conftest.c:78:53: warning: integer overflow in expression [-Woverflow]
    < (int64_t) ((((int64_t) 1 << (64 - 2)) - 1) * 2 + 2))];
                                                     ^
conftest.c:77:12: error: storage size of 'test_array' isn't constant
 static int test_array [1 - 2 * !((int64_t) ((((int64_t) 1 << (64 - 2)) - 1) * 2 + 1)
            ^~~~~~~~~~
configure:6103: $? = 1
configure: failed program was:
| /* confdefs.h */
| #define PACKAGE_NAME "MilkyTracker"
| #define PACKAGE_TARNAME "milkytracker"
| #define PACKAGE_VERSION "0.90.85"
| #define PACKAGE_STRING "MilkyTracker 0.90.85"
| #define PACKAGE_BUGREPORT "www.milkytracker.net"
| #define PACKAGE_URL ""
| #define PACKAGE "milkytracker"
| #define VERSION "0.90.85"
| #define HAVE_DIRENT_H 1
| #define STDC_HEADERS 1
| #define HAVE_SYS_TYPES_H 1
| #define HAVE_SYS_STAT_H 1
| #define HAVE_STDLIB_H 1
| #define HAVE_STRING_H 1
| #define HAVE_MEMORY_H 1
| #define HAVE_STRINGS_H 1
| #define HAVE_INTTYPES_H 1
| #define HAVE_STDINT_H 1
| #define HAVE_UNISTD_H 1
| #define HAVE_FCNTL_H 1
| #define HAVE_INTTYPES_H 1
| #define HAVE_LIMITS_H 1
| #define HAVE_MALLOC_H 1
| #define HAVE_MEMORY_H 1
| #define HAVE_STDDEF_H 1
| #define HAVE_STDINT_H 1
| #define HAVE_STDLIB_H 1
| #define HAVE_STRING_H 1
| #define HAVE_STRINGS_H 1
| #define HAVE_SYS_IOCTL_H 1
| #define HAVE_SYS_PARAM_H 1
| #define HAVE_SYS_TIME_H 1
| #define HAVE_UNISTD_H 1
| #define HAVE_LIBASOUND 1
| #define HAVE_LIBZ 1
| #define HAVE_X11 1
| #define HAVE__BOOL 1
| #define HAVE_STDBOOL_H 1
| /* end confdefs.h.  */
| #include <stdio.h>
| #ifdef HAVE_SYS_TYPES_H
| # include <sys/types.h>
| #endif
| #ifdef HAVE_SYS_STAT_H
| # include <sys/stat.h>
| #endif
| #ifdef STDC_HEADERS
| # include <stdlib.h>
| # include <stddef.h>
| #else
| # ifdef HAVE_STDLIB_H
| #  include <stdlib.h>
| # endif
| #endif
| #ifdef HAVE_STRING_H
| # if !defined STDC_HEADERS && defined HAVE_MEMORY_H
| #  include <memory.h>
| # endif
| # include <string.h>
| #endif
| #ifdef HAVE_STRINGS_H
| # include <strings.h>
| #endif
| #ifdef HAVE_INTTYPES_H
| # include <inttypes.h>
| #endif
| #ifdef HAVE_STDINT_H
| # include <stdint.h>
| #endif
| #ifdef HAVE_UNISTD_H
| # include <unistd.h>
| #endif
| int
| main ()
| {
| static int test_array [1 - 2 * !((int64_t) ((((int64_t) 1 << (64 - 2)) - 1) * 2 + 1)
| 		 < (int64_t) ((((int64_t) 1 << (64 - 2)) - 1) * 2 + 2))];
| test_array [0] = 0
| 
|   ;
|   return 0;
| }
configure:6103: result: yes
configure:6114: checking for int8_t
configure:6114: gcc -c -g -O2  -D__FORCE_SDL_AUDIO__ conftest.c >&5
configure:6114: $? = 0
configure:6114: gcc -c -g -O2  -D__FORCE_SDL_AUDIO__ conftest.c >&5
conftest.c: In function 'main':
conftest.c:77:12: error: size of array 'test_array' is negative
 static int test_array [1 - 2 * !((int8_t) ((((int8_t) 1 << (8 - 2)) - 1) * 2 + 1)
            ^~~~~~~~~~
configure:6114: $? = 1
configure: failed program was:
| /* confdefs.h */
| #define PACKAGE_NAME "MilkyTracker"
| #define PACKAGE_TARNAME "milkytracker"
| #define PACKAGE_VERSION "0.90.85"
| #define PACKAGE_STRING "MilkyTracker 0.90.85"
| #define PACKAGE_BUGREPORT "www.milkytracker.net"
| #define PACKAGE_URL ""
| #define PACKAGE "milkytracker"
| #define VERSION "0.90.85"
| #define HAVE_DIRENT_H 1
| #define STDC_HEADERS 1
| #define HAVE_SYS_TYPES_H 1
| #define HAVE_SYS_STAT_H 1
| #define HAVE_STDLIB_H 1
| #define HAVE_STRING_H 1
| #define HAVE_MEMORY_H 1
| #define HAVE_STRINGS_H 1
| #define HAVE_INTTYPES_H 1
| #define HAVE_STDINT_H 1
| #define HAVE_UNISTD_H 1
| #define HAVE_FCNTL_H 1
| #define HAVE_INTTYPES_H 1
| #define HAVE_LIMITS_H 1
| #define HAVE_MALLOC_H 1
| #define HAVE_MEMORY_H 1
| #define HAVE_STDDEF_H 1
| #define HAVE_STDINT_H 1
| #define HAVE_STDLIB_H 1
| #define HAVE_STRING_H 1
| #define HAVE_STRINGS_H 1
| #define HAVE_SYS_IOCTL_H 1
| #define HAVE_SYS_PARAM_H 1
| #define HAVE_SYS_TIME_H 1
| #define HAVE_UNISTD_H 1
| #define HAVE_LIBASOUND 1
| #define HAVE_LIBZ 1
| #define HAVE_X11 1
| #define HAVE__BOOL 1
| #define HAVE_STDBOOL_H 1
| /* end confdefs.h.  */
| #include <stdio.h>
| #ifdef HAVE_SYS_TYPES_H
| # include <sys/types.h>
| #endif
| #ifdef HAVE_SYS_STAT_H
| # include <sys/stat.h>
| #endif
| #ifdef STDC_HEADERS
| # include <stdlib.h>
| # include <stddef.h>
| #else
| # ifdef HAVE_STDLIB_H
| #  include <stdlib.h>
| # endif
| #endif
| #ifdef HAVE_STRING_H
| # if !defined STDC_HEADERS && defined HAVE_MEMORY_H
| #  include <memory.h>
| # endif
| # include <string.h>
| #endif
| #ifdef HAVE_STRINGS_H
| # include <strings.h>
| #endif
| #ifdef HAVE_INTTYPES_H
| # include <inttypes.h>
| #endif
| #ifdef HAVE_STDINT_H
| # include <stdint.h>
| #endif
| #ifdef HAVE_UNISTD_H
| # include <unistd.h>
| #endif
| int
| main ()
| {
| static int test_array [1 - 2 * !((int8_t) ((((int8_t) 1 << (8 - 2)) - 1) * 2 + 1)
| 		 < (int8_t) ((((int8_t) 1 << (8 - 2)) - 1) * 2 + 2))];
| test_array [0] = 0
| 
|   ;
|   return 0;
| }
configure:6114: result: yes
configure:6125: checking for off_t
configure:6125: gcc -c -g -O2  -D__FORCE_SDL_AUDIO__ conftest.c >&5
configure:6125: $? = 0
configure:6125: gcc -c -g -O2  -D__FORCE_SDL_AUDIO__ conftest.c >&5
conftest.c: In function 'main':
conftest.c:77:20: error: expected expression before ')' token
 if (sizeof ((off_t)))
                    ^
configure:6125: $? = 1
configure: failed program was:
| /* confdefs.h */
| #define PACKAGE_NAME "MilkyTracker"
| #define PACKAGE_TARNAME "milkytracker"
| #define PACKAGE_VERSION "0.90.85"
| #define PACKAGE_STRING "MilkyTracker 0.90.85"
| #define PACKAGE_BUGREPORT "www.milkytracker.net"
| #define PACKAGE_URL ""
| #define PACKAGE "milkytracker"
| #define VERSION "0.90.85"
| #define HAVE_DIRENT_H 1
| #define STDC_HEADERS 1
| #define HAVE_SYS_TYPES_H 1
| #define HAVE_SYS_STAT_H 1
| #define HAVE_STDLIB_H 1
| #define HAVE_STRING_H 1
| #define HAVE_MEMORY_H 1
| #define HAVE_STRINGS_H 1
| #define HAVE_INTTYPES_H 1
| #define HAVE_STDINT_H 1
| #define HAVE_UNISTD_H 1
| #define HAVE_FCNTL_H 1
| #define HAVE_INTTYPES_H 1
| #define HAVE_LIMITS_H 1
| #define HAVE_MALLOC_H 1
| #define HAVE_MEMORY_H 1
| #define HAVE_STDDEF_H 1
| #define HAVE_STDINT_H 1
| #define HAVE_STDLIB_H 1
| #define HAVE_STRING_H 1
| #define HAVE_STRINGS_H 1
| #define HAVE_SYS_IOCTL_H 1
| #define HAVE_SYS_PARAM_H 1
| #define HAVE_SYS_TIME_H 1
| #define HAVE_UNISTD_H 1
| #define HAVE_LIBASOUND 1
| #define HAVE_LIBZ 1
| #define HAVE_X11 1
| #define HAVE__BOOL 1
| #define HAVE_STDBOOL_H 1
| /* end confdefs.h.  */
| #include <stdio.h>
| #ifdef HAVE_SYS_TYPES_H
| # include <sys/types.h>
| #endif
| #ifdef HAVE_SYS_STAT_H
| # include <sys/stat.h>
| #endif
| #ifdef STDC_HEADERS
| # include <stdlib.h>
| # include <stddef.h>
| #else
| # ifdef HAVE_STDLIB_H
| #  include <stdlib.h>
| # endif
| #endif
| #ifdef HAVE_STRING_H
| # if !defined STDC_HEADERS && defined HAVE_MEMORY_H
| #  include <memory.h>
| # endif
| # include <string.h>
| #endif
| #ifdef HAVE_STRINGS_H
| # include <strings.h>
| #endif
| #ifdef HAVE_INTTYPES_H
| # include <inttypes.h>
| #endif
| #ifdef HAVE_STDINT_H
| # include <stdint.h>
| #endif
| #ifdef HAVE_UNISTD_H
| # include <unistd.h>
| #endif
| int
| main ()
| {
| if (sizeof ((off_t)))
| 	    return 0;
|   ;
|   return 0;
| }
configure:6125: result: yes
configure:6136: checking for size_t
configure:6136: gcc -c -g -O2  -D__FORCE_SDL_AUDIO__ conftest.c >&5
configure:6136: $? = 0
configure:6136: gcc -c -g -O2  -D__FORCE_SDL_AUDIO__ conftest.c >&5
conftest.c: In function 'main':
conftest.c:77:21: error: expected expression before ')' token
 if (sizeof ((size_t)))
                     ^
configure:6136: $? = 1
configure: failed program was:
| /* confdefs.h */
| #define PACKAGE_NAME "MilkyTracker"
| #define PACKAGE_TARNAME "milkytracker"
| #define PACKAGE_VERSION "0.90.85"
| #define PACKAGE_STRING "MilkyTracker 0.90.85"
| #define PACKAGE_BUGREPORT "www.milkytracker.net"
| #define PACKAGE_URL ""
| #define PACKAGE "milkytracker"
| #define VERSION "0.90.85"
| #define HAVE_DIRENT_H 1
| #define STDC_HEADERS 1
| #define HAVE_SYS_TYPES_H 1
| #define HAVE_SYS_STAT_H 1
| #define HAVE_STDLIB_H 1
| #define HAVE_STRING_H 1
| #define HAVE_MEMORY_H 1
| #define HAVE_STRINGS_H 1
| #define HAVE_INTTYPES_H 1
| #define HAVE_STDINT_H 1
| #define HAVE_UNISTD_H 1
| #define HAVE_FCNTL_H 1
| #define HAVE_INTTYPES_H 1
| #define HAVE_LIMITS_H 1
| #define HAVE_MALLOC_H 1
| #define HAVE_MEMORY_H 1
| #define HAVE_STDDEF_H 1
| #define HAVE_STDINT_H 1
| #define HAVE_STDLIB_H 1
| #define HAVE_STRING_H 1
| #define HAVE_STRINGS_H 1
| #define HAVE_SYS_IOCTL_H 1
| #define HAVE_SYS_PARAM_H 1
| #define HAVE_SYS_TIME_H 1
| #define HAVE_UNISTD_H 1
| #define HAVE_LIBASOUND 1
| #define HAVE_LIBZ 1
| #define HAVE_X11 1
| #define HAVE__BOOL 1
| #define HAVE_STDBOOL_H 1
| /* end confdefs.h.  */
| #include <stdio.h>
| #ifdef HAVE_SYS_TYPES_H
| # include <sys/types.h>
| #endif
| #ifdef HAVE_SYS_STAT_H
| # include <sys/stat.h>
| #endif
| #ifdef STDC_HEADERS
| # include <stdlib.h>
| # include <stddef.h>
| #else
| # ifdef HAVE_STDLIB_H
| #  include <stdlib.h>
| # endif
| #endif
| #ifdef HAVE_STRING_H
| # if !defined STDC_HEADERS && defined HAVE_MEMORY_H
| #  include <memory.h>
| # endif
| # include <string.h>
| #endif
| #ifdef HAVE_STRINGS_H
| # include <strings.h>
| #endif
| #ifdef HAVE_INTTYPES_H
| # include <inttypes.h>
| #endif
| #ifdef HAVE_STDINT_H
| # include <stdint.h>
| #endif
| #ifdef HAVE_UNISTD_H
| # include <unistd.h>
| #endif
| int
| main ()
| {
| if (sizeof ((size_t)))
| 	    return 0;
|   ;
|   return 0;
| }
configure:6136: result: yes
configure:6147: checking for struct stat.st_blocks
configure:6147: gcc -c -g -O2  -D__FORCE_SDL_AUDIO__ conftest.c >&5
configure:6147: $? = 0
configure:6147: result: yes
configure:6167: checking whether time.h and sys/time.h may both be included
configure:6187: gcc -c -g -O2  -D__FORCE_SDL_AUDIO__ conftest.c >&5
configure:6187: $? = 0
configure:6194: result: yes
configure:6202: checking whether struct tm is in sys/time.h or time.h
configure:6222: gcc -c -g -O2  -D__FORCE_SDL_AUDIO__ conftest.c >&5
configure:6222: $? = 0
configure:6229: result: time.h
configure:6237: checking for uint16_t
configure:6237: gcc -c -g -O2  -D__FORCE_SDL_AUDIO__ conftest.c >&5
configure:6237: $? = 0
configure:6237: result: yes
configure:6249: checking for uint32_t
configure:6249: gcc -c -g -O2  -D__FORCE_SDL_AUDIO__ conftest.c >&5
configure:6249: $? = 0
configure:6249: result: yes
configure:6263: checking for uint64_t
configure:6263: gcc -c -g -O2  -D__FORCE_SDL_AUDIO__ conftest.c >&5
configure:6263: $? = 0
configure:6263: result: yes
configure:6277: checking for uint8_t
configure:6277: gcc -c -g -O2  -D__FORCE_SDL_AUDIO__ conftest.c >&5
configure:6277: $? = 0
configure:6277: result: yes
configure:6291: checking for working volatile
configure:6310: gcc -c -g -O2  -D__FORCE_SDL_AUDIO__ conftest.c >&5
configure:6310: $? = 0
configure:6317: result: yes
configure:6325: checking for ptrdiff_t
configure:6325: gcc -c -g -O2  -D__FORCE_SDL_AUDIO__ conftest.c >&5
configure:6325: $? = 0
configure:6325: gcc -c -g -O2  -D__FORCE_SDL_AUDIO__ conftest.c >&5
conftest.c: In function 'main':
conftest.c:80:24: error: expected expression before ')' token
 if (sizeof ((ptrdiff_t)))
                        ^
configure:6325: $? = 1
configure: failed program was:
| /* confdefs.h */
| #define PACKAGE_NAME "MilkyTracker"
| #define PACKAGE_TARNAME "milkytracker"
| #define PACKAGE_VERSION "0.90.85"
| #define PACKAGE_STRING "MilkyTracker 0.90.85"
| #define PACKAGE_BUGREPORT "www.milkytracker.net"
| #define PACKAGE_URL ""
| #define PACKAGE "milkytracker"
| #define VERSION "0.90.85"
| #define HAVE_DIRENT_H 1
| #define STDC_HEADERS 1
| #define HAVE_SYS_TYPES_H 1
| #define HAVE_SYS_STAT_H 1
| #define HAVE_STDLIB_H 1
| #define HAVE_STRING_H 1
| #define HAVE_MEMORY_H 1
| #define HAVE_STRINGS_H 1
| #define HAVE_INTTYPES_H 1
| #define HAVE_STDINT_H 1
| #define HAVE_UNISTD_H 1
| #define HAVE_FCNTL_H 1
| #define HAVE_INTTYPES_H 1
| #define HAVE_LIMITS_H 1
| #define HAVE_MALLOC_H 1
| #define HAVE_MEMORY_H 1
| #define HAVE_STDDEF_H 1
| #define HAVE_STDINT_H 1
| #define HAVE_STDLIB_H 1
| #define HAVE_STRING_H 1
| #define HAVE_STRINGS_H 1
| #define HAVE_SYS_IOCTL_H 1
| #define HAVE_SYS_PARAM_H 1
| #define HAVE_SYS_TIME_H 1
| #define HAVE_UNISTD_H 1
| #define HAVE_LIBASOUND 1
| #define HAVE_LIBZ 1
| #define HAVE_X11 1
| #define HAVE__BOOL 1
| #define HAVE_STDBOOL_H 1
| #define HAVE_STRUCT_STAT_ST_BLOCKS 1
| #define HAVE_ST_BLOCKS 1
| #define TIME_WITH_SYS_TIME 1
| /* end confdefs.h.  */
| #include <stdio.h>
| #ifdef HAVE_SYS_TYPES_H
| # include <sys/types.h>
| #endif
| #ifdef HAVE_SYS_STAT_H
| # include <sys/stat.h>
| #endif
| #ifdef STDC_HEADERS
| # include <stdlib.h>
| # include <stddef.h>
| #else
| # ifdef HAVE_STDLIB_H
| #  include <stdlib.h>
| # endif
| #endif
| #ifdef HAVE_STRING_H
| # if !defined STDC_HEADERS && defined HAVE_MEMORY_H
| #  include <memory.h>
| # endif
| # include <string.h>
| #endif
| #ifdef HAVE_STRINGS_H
| # include <strings.h>
| #endif
| #ifdef HAVE_INTTYPES_H
| # include <inttypes.h>
| #endif
| #ifdef HAVE_STDINT_H
| # include <stdint.h>
| #endif
| #ifdef HAVE_UNISTD_H
| # include <unistd.h>
| #endif
| int
| main ()
| {
| if (sizeof ((ptrdiff_t)))
| 	    return 0;
|   ;
|   return 0;
| }
configure:6325: result: yes
configure:6337: checking whether closedir returns void
configure:6361: gcc -o conftest -g -O2  -D__FORCE_SDL_AUDIO__  conftest.c -lz -lasound -lm -ldl -lpthread >&5
configure:6361: $? = 0
configure:6361: ./conftest
configure:6361: $? = 0
configure:6371: result: no
configure:6379: checking for error_at_line
configure:6395: gcc -o conftest -g -O2  -D__FORCE_SDL_AUDIO__  conftest.c -lz -lasound -lm -ldl -lpthread >&5
configure:6395: $? = 0
configure:6403: result: yes
configure:6414: checking for _LARGEFILE_SOURCE value needed for large files
configure:6433: gcc -o conftest -g -O2  -D__FORCE_SDL_AUDIO__  conftest.c -lz -lasound -lm -ldl -lpthread >&5
configure:6433: $? = 0
configure:6461: result: no
configure:6483: checking whether gcc needs -traditional
configure:6517: result: no
configure:6526: checking for stdlib.h
configure:6526: result: yes
configure:6536: checking for GNU libc compatible malloc
configure:6560: gcc -o conftest -g -O2  -D__FORCE_SDL_AUDIO__  conftest.c -lz -lasound -lm -ldl -lpthread >&5
configure:6560: $? = 0
configure:6560: ./conftest
configure:6560: $? = 0
configure:6570: result: yes
configure:6591: checking for working memcmp
configure:6634: gcc -o conftest -g -O2  -D__FORCE_SDL_AUDIO__  conftest.c -lz -lasound -lm -ldl -lpthread >&5
configure:6634: $? = 0
configure:6634: ./conftest
configure:6634: $? = 0
configure:6644: result: yes
configure:6656: checking for stdlib.h
configure:6656: result: yes
configure:6656: checking for unistd.h
configure:6656: result: yes
configure:6669: checking for getpagesize
configure:6669: gcc -o conftest -g -O2  -D__FORCE_SDL_AUDIO__  conftest.c -lz -lasound -lm -ldl -lpthread >&5
configure:6669: $? = 0
configure:6669: result: yes
configure:6678: checking for working mmap
configure:6815: gcc -o conftest -g -O2  -D__FORCE_SDL_AUDIO__  conftest.c -lz -lasound -lm -ldl -lpthread >&5
configure:6815: $? = 0
configure:6815: ./conftest
configure:6815: $? = 0
configure:6825: result: yes
configure:6836: checking for stdlib.h
configure:6836: result: yes
configure:6846: checking for GNU libc compatible realloc
configure:6870: gcc -o conftest -g -O2  -D__FORCE_SDL_AUDIO__  conftest.c -lz -lasound -lm -ldl -lpthread >&5
configure:6870: $? = 0
configure:6870: ./conftest
configure:6870: $? = 0
configure:6880: result: yes
configure:6904: checking sys/select.h usability
configure:6904: gcc -c -g -O2  -D__FORCE_SDL_AUDIO__ conftest.c >&5
configure:6904: $? = 0
configure:6904: result: yes
configure:6904: checking sys/select.h presence
configure:6904: gcc -E  -D__FORCE_SDL_AUDIO__ conftest.c
configure:6904: $? = 0
configure:6904: result: yes
configure:6904: checking for sys/select.h
configure:6904: result: yes
configure:6904: checking sys/socket.h usability
configure:6904: gcc -c -g -O2  -D__FORCE_SDL_AUDIO__ conftest.c >&5
configure:6904: $? = 0
configure:6904: result: yes
configure:6904: checking sys/socket.h presence
configure:6904: gcc -E  -D__FORCE_SDL_AUDIO__ conftest.c
configure:6904: $? = 0
configure:6904: result: yes
configure:6904: checking for sys/socket.h
configure:6904: result: yes
configure:6915: checking types of arguments for select
configure:6943: gcc -c -g -O2  -D__FORCE_SDL_AUDIO__ conftest.c >&5
configure:6943: $? = 0
configure:6954: result: int,fd_set *,struct timeval *
configure:6977: checking whether lstat dereferences a symlink specified with a trailing slash
configure:7003: gcc -o conftest -g -O2  -D__FORCE_SDL_AUDIO__  conftest.c -lz -lasound -lm -ldl -lpthread >&5
configure:7003: $? = 0
configure:7003: ./conftest
configure:7003: $? = 0
configure:7020: result: yes
configure:7039: checking whether stat accepts an empty string
configure:7059: gcc -o conftest -g -O2  -D__FORCE_SDL_AUDIO__  conftest.c -lz -lasound -lm -ldl -lpthread >&5
configure:7059: $? = 0
configure:7059: ./conftest
configure:7059: $? = 0
configure:7069: result: no
configure:7088: checking for atexit
configure:7088: gcc -o conftest -g -O2  -D__FORCE_SDL_AUDIO__  conftest.c -lz -lasound -lm -ldl -lpthread >&5
configure:7088: $? = 0
configure:7088: result: yes
configure:7088: checking for floor
configure:7088: gcc -o conftest -g -O2  -D__FORCE_SDL_AUDIO__  conftest.c -lz -lasound -lm -ldl -lpthread >&5
conftest.c:84:6: warning: conflicting types for built-in function 'floor'
 char floor ();
      ^~~~~
configure:7088: $? = 0
configure:7088: result: yes
configure:7088: checking for getcwd
configure:7088: gcc -o conftest -g -O2  -D__FORCE_SDL_AUDIO__  conftest.c -lz -lasound -lm -ldl -lpthread >&5
configure:7088: $? = 0
configure:7088: result: yes
configure:7088: checking for gettimeofday
configure:7088: gcc -o conftest -g -O2  -D__FORCE_SDL_AUDIO__  conftest.c -lz -lasound -lm -ldl -lpthread >&5
configure:7088: $? = 0
configure:7088: result: yes
configure:7088: checking for memmove
configure:7088: gcc -o conftest -g -O2  -D__FORCE_SDL_AUDIO__  conftest.c -lz -lasound -lm -ldl -lpthread >&5
conftest.c:87:6: warning: conflicting types for built-in function 'memmove'
 char memmove ();
      ^~~~~~~
configure:7088: $? = 0
configure:7088: result: yes
configure:7088: checking for memset
configure:7088: gcc -o conftest -g -O2  -D__FORCE_SDL_AUDIO__  conftest.c -lz -lasound -lm -ldl -lpthread >&5
conftest.c:88:6: warning: conflicting types for built-in function 'memset'
 char memset ();
      ^~~~~~
configure:7088: $? = 0
configure:7088: result: yes
configure:7088: checking for munmap
configure:7088: gcc -o conftest -g -O2  -D__FORCE_SDL_AUDIO__  conftest.c -lz -lasound -lm -ldl -lpthread >&5
configure:7088: $? = 0
configure:7088: result: yes
configure:7088: checking for pow
configure:7088: gcc -o conftest -g -O2  -D__FORCE_SDL_AUDIO__  conftest.c -lz -lasound -lm -ldl -lpthread >&5
conftest.c:90:6: warning: conflicting types for built-in function 'pow'
 char pow ();
      ^~~
configure:7088: $? = 0
configure:7088: result: yes
configure:7088: checking for select
configure:7088: gcc -o conftest -g -O2  -D__FORCE_SDL_AUDIO__  conftest.c -lz -lasound -lm -ldl -lpthread >&5
configure:7088: $? = 0
configure:7088: result: yes
configure:7088: checking for sqrt
configure:7088: gcc -o conftest -g -O2  -D__FORCE_SDL_AUDIO__  conftest.c -lz -lasound -lm -ldl -lpthread >&5
conftest.c:92:6: warning: conflicting types for built-in function 'sqrt'
 char sqrt ();
      ^~~~
configure:7088: $? = 0
configure:7088: result: yes
configure:7088: checking for strcasecmp
configure:7088: gcc -o conftest -g -O2  -D__FORCE_SDL_AUDIO__  conftest.c -lz -lasound -lm -ldl -lpthread >&5
conftest.c:93:6: warning: conflicting types for built-in function 'strcasecmp'
 char strcasecmp ();
      ^~~~~~~~~~
configure:7088: $? = 0
configure:7088: result: yes
configure:7088: checking for strdup
configure:7088: gcc -o conftest -g -O2  -D__FORCE_SDL_AUDIO__  conftest.c -lz -lasound -lm -ldl -lpthread >&5
conftest.c:94:6: warning: conflicting types for built-in function 'strdup'
 char strdup ();
      ^~~~~~
configure:7088: $? = 0
configure:7088: result: yes
configure:7088: checking for strerror
configure:7088: gcc -o conftest -g -O2  -D__FORCE_SDL_AUDIO__  conftest.c -lz -lasound -lm -ldl -lpthread >&5
configure:7088: $? = 0
configure:7088: result: yes
configure:7088: checking for strrchr
configure:7088: gcc -o conftest -g -O2  -D__FORCE_SDL_AUDIO__  conftest.c -lz -lasound -lm -ldl -lpthread >&5
conftest.c:96:6: warning: conflicting types for built-in function 'strrchr'
 char strrchr ();
      ^~~~~~~
configure:7088: $? = 0
configure:7088: result: yes
configure:7225: creating ./config.status

## ---------------------- ##
## Running config.status. ##
## ---------------------- ##

This file was extended by MilkyTracker config.status 0.90.85, which was
generated by GNU Autoconf 2.64.  Invocation command line was

  CONFIG_FILES    = 
  CONFIG_HEADERS  = 
  CONFIG_LINKS    = 
  CONFIG_COMMANDS = 
  $ ./config.status 

on slax

config.status:925: creating Makefile
config.status:925: creating src/Makefile
config.status:925: creating src/compression/Makefile
config.status:925: creating src/compression/zziplib/generic/Makefile
config.status:925: creating src/fx/Makefile
config.status:925: creating src/midi/Makefile
config.status:925: creating src/milkyplay/Makefile
config.status:925: creating src/ppui/Makefile
config.status:925: creating src/ppui/osinterface/Makefile
config.status:925: creating src/tracker/Makefile
config.status:925: creating config.h
config.status:1145: executing depfiles commands

## ---------------- ##
## Cache variables. ##
## ---------------- ##

ac_cv_c_compiler_gnu=yes
ac_cv_c_const=yes
ac_cv_c_inline=inline
ac_cv_c_int16_t=yes
ac_cv_c_int32_t=yes
ac_cv_c_int64_t=yes
ac_cv_c_int8_t=yes
ac_cv_c_uint16_t=yes
ac_cv_c_uint32_t=yes
ac_cv_c_uint64_t=yes
ac_cv_c_uint8_t=yes
ac_cv_c_volatile=yes
ac_cv_cxx_compiler_gnu=yes
ac_cv_env_CCC_set=
ac_cv_env_CCC_value=
ac_cv_env_CC_set=
ac_cv_env_CC_value=
ac_cv_env_CFLAGS_set=
ac_cv_env_CFLAGS_value=
ac_cv_env_CPPFLAGS_set=
ac_cv_env_CPPFLAGS_value=
ac_cv_env_CPP_set=
ac_cv_env_CPP_value=
ac_cv_env_CXXFLAGS_set=
ac_cv_env_CXXFLAGS_value=
ac_cv_env_CXX_set=
ac_cv_env_CXX_value=
ac_cv_env_LDFLAGS_set=
ac_cv_env_LDFLAGS_value=
ac_cv_env_LIBS_set=
ac_cv_env_LIBS_value=
ac_cv_env_PKG_CONFIG_set=
ac_cv_env_PKG_CONFIG_value=
ac_cv_env_ZZIP_CFLAGS_set=
ac_cv_env_ZZIP_CFLAGS_value=
ac_cv_env_ZZIP_LIBS_set=
ac_cv_env_ZZIP_LIBS_value=
ac_cv_env_build_alias_set=
ac_cv_env_build_alias_value=
ac_cv_env_host_alias_set=
ac_cv_env_host_alias_value=
ac_cv_env_target_alias_set=
ac_cv_env_target_alias_value=
ac_cv_func_atexit=yes
ac_cv_func_closedir_void=no
ac_cv_func_floor=yes
ac_cv_func_getcwd=yes
ac_cv_func_getpagesize=yes
ac_cv_func_gettimeofday=yes
ac_cv_func_lstat_dereferences_slashed_symlink=yes
ac_cv_func_malloc_0_nonnull=yes
ac_cv_func_memcmp_working=yes
ac_cv_func_memmove=yes
ac_cv_func_memset=yes
ac_cv_func_mmap_fixed_mapped=yes
ac_cv_func_munmap=yes
ac_cv_func_pow=yes
ac_cv_func_realloc_0_nonnull=yes
ac_cv_func_select=yes
ac_cv_func_select_args='int,fd_set *,struct timeval *'
ac_cv_func_sqrt=yes
ac_cv_func_stat_empty_string_bug=no
ac_cv_func_strcasecmp=yes
ac_cv_func_strdup=yes
ac_cv_func_strerror=yes
ac_cv_func_strrchr=yes
ac_cv_header_dirent_dirent_h=yes
ac_cv_header_fcntl_h=yes
ac_cv_header_inttypes_h=yes
ac_cv_header_jack_jack_h=no
ac_cv_header_limits_h=yes
ac_cv_header_malloc_h=yes
ac_cv_header_memory_h=yes
ac_cv_header_stat_broken=no
ac_cv_header_stdbool_h=yes
ac_cv_header_stdc=yes
ac_cv_header_stddef_h=yes
ac_cv_header_stdint_h=yes
ac_cv_header_stdlib_h=yes
ac_cv_header_string_h=yes
ac_cv_header_strings_h=yes
ac_cv_header_sys_ioctl_h=yes
ac_cv_header_sys_param_h=yes
ac_cv_header_sys_select_h=yes
ac_cv_header_sys_socket_h=yes
ac_cv_header_sys_stat_h=yes
ac_cv_header_sys_time_h=yes
ac_cv_header_sys_types_h=yes
ac_cv_header_time=yes
ac_cv_header_unistd_h=yes
ac_cv_lib_asound_snd_ctl_open=yes
ac_cv_lib_error_at_line=yes
ac_cv_member_struct_stat_st_blocks=yes
ac_cv_objext=o
ac_cv_path_EGREP='/bin/grep -E'
ac_cv_path_GREP=/bin/grep
ac_cv_path_SDL_CONFIG=/usr/bin/sdl-config
ac_cv_path_ac_pt_PKG_CONFIG=/usr/bin/pkg-config
ac_cv_path_install='/usr/bin/install -c'
ac_cv_path_mkdir=/bin/mkdir
ac_cv_prog_AWK=mawk
ac_cv_prog_CPP='gcc -E'
ac_cv_prog_ac_ct_CC=gcc
ac_cv_prog_ac_ct_CXX=g++
ac_cv_prog_ac_ct_RANLIB=ranlib
ac_cv_prog_cc_c89=
ac_cv_prog_cc_g=yes
ac_cv_prog_cxx_g=yes
ac_cv_prog_gcc_traditional=no
ac_cv_prog_make_make_set=yes
ac_cv_search_gzopen=-lz
ac_cv_search_opendir='none required'
ac_cv_struct_tm=time.h
ac_cv_sys_largefile_source=no
ac_cv_type__Bool=yes
ac_cv_type_off_t=yes
ac_cv_type_ptrdiff_t=yes
ac_cv_type_size_t=yes
am_cv_CC_dependencies_compiler_type=gcc3
am_cv_CXX_dependencies_compiler_type=gcc3

## ----------------- ##
## Output variables. ##
## ----------------- ##

ACLOCAL='aclocal-1.11'
ALSA_CFLAGS=''
ALSA_LIBS=' -lasound -lm -ldl -lpthread'
AMDEPBACKSLASH='\'
AMDEP_FALSE='#'
AMDEP_TRUE=''
AMTAR='tar'
AUTOCONF='autoconf'
AUTOHEADER='autoheader'
AUTOMAKE='automake-1.11'
AWK='mawk'
CC='gcc'
CCDEPMODE='depmode=gcc3'
CFLAGS='-g -O2'
CPP='gcc -E'
CPPFLAGS=' -D__FORCE_SDL_AUDIO__'
CXX='g++'
CXXDEPMODE='depmode=gcc3'
CXXFLAGS='-g -O2'
CYGPATH_W='echo'
DEFS='-DHAVE_CONFIG_H'
DEPDIR='.deps'
ECHO_C=''
ECHO_N='-n'
ECHO_T=''
EGREP='/bin/grep -E'
EXEEXT=''
GREP='/bin/grep'
INSTALL_DATA='${INSTALL} -m 644'
INSTALL_PROGRAM='${INSTALL}'
INSTALL_SCRIPT='${INSTALL}'
INSTALL_STRIP_PROGRAM='$(install_sh) -c -s'
LDFLAGS=''
LIBOBJS=''
LIBS='-lz -lasound -lm -ldl -lpthread'
LTLIBOBJS=''
MAKEINFO='makeinfo'
MKDIR_P='/bin/mkdir -p'
OBJEXT='o'
PACKAGE='milkytracker'
PACKAGE_BUGREPORT='www.milkytracker.net'
PACKAGE_NAME='MilkyTracker'
PACKAGE_STRING='MilkyTracker 0.90.85'
PACKAGE_TARNAME='milkytracker'
PACKAGE_URL=''
PACKAGE_VERSION='0.90.85'
PATH_SEPARATOR=':'
PKG_CONFIG='/usr/bin/pkg-config'
RANLIB='ranlib'
RTMIDI='../midi/libmidi.a'
RTMIDI_DIR='midi'
SDL_CFLAGS='-I/usr/include/SDL -D_GNU_SOURCE=1 -D_REENTRANT'
SDL_CONFIG='/usr/bin/sdl-config'
SDL_LIBS='-L/usr/lib/x86_64-linux-gnu -lSDL'
SET_MAKE=''
SHELL='/bin/sh'
STRIP=''
VERSION='0.90.85'
ZZIP_CFLAGS=''
ZZIP_LIBS=''
ac_ct_CC='gcc'
ac_ct_CXX='g++'
am__EXEEXT_FALSE=''
am__EXEEXT_TRUE='#'
am__fastdepCC_FALSE='#'
am__fastdepCC_TRUE=''
am__fastdepCXX_FALSE='#'
am__fastdepCXX_TRUE=''
am__include='include'
am__isrc=''
am__leading_dot='.'
am__quote=''
am__tar='${AMTAR} chof - "$$tardir"'
am__untar='${AMTAR} xf -'
bindir='${exec_prefix}/bin'
build_alias=''
datadir='${datarootdir}'
datarootdir='${prefix}/share'
docdir='${datarootdir}/doc/${PACKAGE_TARNAME}'
dvidir='${docdir}'
exec_prefix='${prefix}'
host_alias=''
htmldir='${docdir}'
includedir='${prefix}/include'
infodir='${datarootdir}/info'
install_sh='${SHELL} /media/sda3/MilkyTracker-32+lr/install-sh'
libdir='${exec_prefix}/lib'
libexecdir='${exec_prefix}/libexec'
localedir='${datarootdir}/locale'
localstatedir='${prefix}/var'
mandir='${datarootdir}/man'
mkdir_p='/bin/mkdir -p'
oldincludedir='/usr/include'
pdfdir='${docdir}'
prefix='/usr/local'
program_transform_name='s,x,x,'
psdir='${docdir}'
sbindir='${exec_prefix}/sbin'
sharedstatedir='${prefix}/com'
sysconfdir='${prefix}/etc'
target_alias=''

## ----------- ##
## confdefs.h. ##
## ----------- ##

/* confdefs.h */
#define PACKAGE_NAME "MilkyTracker"
#define PACKAGE_TARNAME "milkytracker"
#define PACKAGE_VERSION "0.90.85"
#define PACKAGE_STRING "MilkyTracker 0.90.85"
#define PACKAGE_BUGREPORT "www.milkytracker.net"
#define PACKAGE_URL ""
#define PACKAGE "milkytracker"
#define VERSION "0.90.85"
#define HAVE_DIRENT_H 1
#define STDC_HEADERS 1
#define HAVE_SYS_TYPES_H 1
#define HAVE_SYS_STAT_H 1
#define HAVE_STDLIB_H 1
#define HAVE_STRING_H 1
#define HAVE_MEMORY_H 1
#define HAVE_STRINGS_H 1
#define HAVE_INTTYPES_H 1
#define HAVE_STDINT_H 1
#define HAVE_UNISTD_H 1
#define HAVE_FCNTL_H 1
#define HAVE_INTTYPES_H 1
#define HAVE_LIMITS_H 1
#define HAVE_MALLOC_H 1
#define HAVE_MEMORY_H 1
#define HAVE_STDDEF_H 1
#define HAVE_STDINT_H 1
#define HAVE_STDLIB_H 1
#define HAVE_STRING_H 1
#define HAVE_STRINGS_H 1
#define HAVE_SYS_IOCTL_H 1
#define HAVE_SYS_PARAM_H 1
#define HAVE_SYS_TIME_H 1
#define HAVE_UNISTD_H 1
#define HAVE_LIBASOUND 1
#define HAVE_LIBZ 1
#define HAVE_X11 1
#define HAVE__BOOL 1
#define HAVE_STDBOOL_H 1
#define HAVE_STRUCT_STAT_ST_BLOCKS 1
#define HAVE_ST_BLOCKS 1
#define TIME_WITH_SYS_TIME 1
#define HAVE_PTRDIFF_T 1
#define HAVE_FSEEKO 1
#define HAVE_STDLIB_H 1
#define HAVE_MALLOC 1
#define HAVE_STDLIB_H 1
#define HAVE_UNISTD_H 1
#define HAVE_GETPAGESIZE 1
#define HAVE_MMAP 1
#define HAVE_STDLIB_H 1
#define HAVE_REALLOC 1
#define HAVE_SYS_SELECT_H 1
#define HAVE_SYS_SOCKET_H 1
#define SELECT_TYPE_ARG1 int
#define SELECT_TYPE_ARG234 (fd_set *)
#define SELECT_TYPE_ARG5 (struct timeval *)
#define LSTAT_FOLLOWS_SLASHED_SYMLINK 1
#define HAVE_ATEXIT 1
#define HAVE_FLOOR 1
#define HAVE_GETCWD 1
#define HAVE_GETTIMEOFDAY 1
#define HAVE_MEMMOVE 1
#define HAVE_MEMSET 1
#define HAVE_MUNMAP 1
#define HAVE_POW 1
#define HAVE_SELECT 1
#define HAVE_SQRT 1
#define HAVE_STRCASECMP 1
#define HAVE_STRDUP 1
#define HAVE_STRERROR 1
#define HAVE_STRRCHR 1

configure: exit 0
